0 info it worked if it ends with ok
1 verbose cli [ '/usr/local/bin/node', '/usr/local/bin/npm', 'publish' ]
2 info using npm@3.3.12
3 info using node@v5.1.0
4 verbose publish [ '.' ]
5 silly cache add args [ '.', null ]
6 verbose cache add spec .
7 silly cache add parsed spec Result {
7 silly cache add   raw: '.',
7 silly cache add   scope: null,
7 silly cache add   name: null,
7 silly cache add   rawSpec: '.',
7 silly cache add   spec: '/home/epimetheus/code/glagol/eslisp-dotify',
7 silly cache add   type: 'directory' }
8 verbose addLocalDirectory /home/epimetheus/.npm/eslisp-dotify/0.1.0/package.tgz not in flight; packing
9 info lifecycle eslisp-dotify@0.1.0~prepublish: eslisp-dotify@0.1.0
10 verbose lifecycle eslisp-dotify@0.1.0~prepublish: unsafe-perm in lifecycle true
11 verbose lifecycle eslisp-dotify@0.1.0~prepublish: PATH: /usr/local/lib/node_modules/npm/bin/node-gyp-bin:/home/epimetheus/code/glagol/eslisp-dotify/node_modules/.bin:/home/epimetheus/.rbenv/shims:/usr/local/sbin:/usr/local/bin:/usr/bin:/opt/adobe-air-sdk/bin:/usr/lib/jvm/default/bin:/usr/bin/site_perl:/usr/bin/vendor_perl:/usr/bin/core_perl
12 verbose lifecycle eslisp-dotify@0.1.0~prepublish: CWD: /home/epimetheus/code/glagol/eslisp-dotify
13 silly lifecycle eslisp-dotify@0.1.0~prepublish: Args: [ '-c', 'make' ]
14 silly lifecycle eslisp-dotify@0.1.0~prepublish: Returned: code: 2  signal: null
15 info lifecycle eslisp-dotify@0.1.0~prepublish: Failed to exec prepublish script
16 error addLocal Could not install /home/epimetheus/code/glagol/eslisp-dotify
17 verbose stack Error: eslisp-dotify@0.1.0 prepublish: `make`
17 verbose stack Exit status 2
17 verbose stack     at EventEmitter.<anonymous> (/usr/local/lib/node_modules/npm/lib/utils/lifecycle.js:232:16)
17 verbose stack     at emitTwo (events.js:87:13)
17 verbose stack     at EventEmitter.emit (events.js:172:7)
17 verbose stack     at ChildProcess.<anonymous> (/usr/local/lib/node_modules/npm/lib/utils/spawn.js:24:14)
17 verbose stack     at emitTwo (events.js:87:13)
17 verbose stack     at ChildProcess.emit (events.js:172:7)
17 verbose stack     at maybeClose (internal/child_process.js:818:16)
17 verbose stack     at Process.ChildProcess._handle.onexit (internal/child_process.js:211:5)
18 verbose pkgid eslisp-dotify@0.1.0
19 verbose cwd /home/epimetheus/code/glagol/eslisp-dotify
20 error Linux 4.1.13-1-lts
21 error argv "/usr/local/bin/node" "/usr/local/bin/npm" "publish"
22 error node v5.1.0
23 error npm  v3.3.12
24 error code ELIFECYCLE
25 error eslisp-dotify@0.1.0 prepublish: `make`
25 error Exit status 2
26 error Failed at the eslisp-dotify@0.1.0 prepublish script 'make'.
26 error Make sure you have the latest version of node.js and npm installed.
26 error If you do, this is most likely a problem with the eslisp-dotify package,
26 error not with npm itself.
26 error Tell the author that this fails on your system:
26 error     make
26 error You can get their info via:
26 error     npm owner ls eslisp-dotify
26 error There is likely additional logging output above.
27 verbose exit [ 1, true ]
